2021-11-09 13:20:07.452  INFO 14056 --- [main] b.c.PropertySourceBootstrapConfiguration : Located property source: [BootstrapPropertySource {name='bootstrapProperties-glume-admin.properties'}]
2021-11-09 13:20:07.510  INFO 14056 --- [main] c.g.g.admin.service.RoleMenuServiceImpl  : No active profile set, falling back to default profiles: default
2021-11-09 13:20:08.481  INFO 14056 --- [main] .s.d.r.c.RepositoryConfigurationDelegate : Multiple Spring Data modules found, entering strict repository configuration mode!
2021-11-09 13:20:08.486  INFO 14056 --- [main] .s.d.r.c.RepositoryConfigurationDelegate : Bootstrapping Spring Data Redis repositories in DEFAULT mode.
2021-11-09 13:20:08.519  INFO 14056 --- [main] .s.d.r.c.RepositoryConfigurationDelegate : Finished Spring Data repository scanning in 14ms. Found 0 Redis repository interfaces.
2021-11-09 13:20:08.740  INFO 14056 --- [main] o.s.cloud.context.scope.GenericScope     : BeanFactory id=1319b71f-73c5-349e-8442-02f841e5f2b3
2021-11-09 13:20:08.908  INFO 14056 --- [main] com.glume.common.core.utils.SpringUtils  : 自定义ApplicationContextAware查看已注册的beanDef，共计：445
2021-11-09 13:20:08.911  INFO 14056 --- [main] com.glume.common.core.utils.SpringUtils  : 自定义BeanFactoryPostProcessor查看已注册的beanDef，共计：445
2021-11-09 13:20:08.991  INFO 14056 --- [main] trationDelegate$BeanPostProcessorChecker : Bean 'org.springframework.security.config.annotation.configuration.ObjectPostProcessorConfiguration' of type [org.springframework.security.config.annotation.configuration.ObjectPostProcessorConfiguration] is not eligible for getting processed by all BeanPostProcessors (for example: not eligible for auto-proxying)
2021-11-09 13:20:08.997  INFO 14056 --- [main] trationDelegate$BeanPostProcessorChecker : Bean 'org.springframework.transaction.annotation.ProxyTransactionManagementConfiguration' of type [org.springframework.transaction.annotation.ProxyTransactionManagementConfiguration] is not eligible for getting processed by all BeanPostProcessors (for example: not eligible for auto-proxying)
2021-11-09 13:20:09.171  INFO 14056 --- [main] trationDelegate$BeanPostProcessorChecker : Bean 'objectPostProcessor' of type [org.springframework.security.config.annotation.configuration.AutowireBeanFactoryObjectPostProcessor] is not eligible for getting processed by all BeanPostProcessors (for example: not eligible for auto-proxying)
2021-11-09 13:20:09.172  INFO 14056 --- [main] trationDelegate$BeanPostProcessorChecker : Bean 'org.springframework.security.access.expression.method.DefaultMethodSecurityExpressionHandler@3290b1a6' of type [org.springframework.security.access.expression.method.DefaultMethodSecurityExpressionHandler] is not eligible for getting processed by all BeanPostProcessors (for example: not eligible for auto-proxying)
2021-11-09 13:20:09.180  INFO 14056 --- [main] trationDelegate$BeanPostProcessorChecker : Bean 'org.springframework.security.config.annotation.method.configuration.GlobalMethodSecurityConfiguration' of type [org.springframework.security.config.annotation.method.configuration.GlobalMethodSecurityConfiguration] is not eligible for getting processed by all BeanPostProcessors (for example: not eligible for auto-proxying)
2021-11-09 13:20:09.187  INFO 14056 --- [main] trationDelegate$BeanPostProcessorChecker : Bean 'methodSecurityMetadataSource' of type [org.springframework.security.access.method.DelegatingMethodSecurityMetadataSource] is not eligible for getting processed by all BeanPostProcessors (for example: not eligible for auto-proxying)
2021-11-09 13:20:12.177  INFO 14056 --- [main] pertySourcedRequestMappingHandlerMapping : Mapped URL path [/v2/api-docs] onto method [springfox.documentation.swagger2.web.Swagger2Controller#getDocumentation(String, HttpServletRequest)]
2021-11-09 13:20:12.434  INFO 14056 --- [main] o.s.s.web.DefaultSecurityFilterChain     : Creating filter chain: any request, [org.springframework.security.web.context.request.async.WebAsyncManagerIntegrationFilter@395a573c, org.springframework.security.web.context.SecurityContextPersistenceFilter@6c9bf3b5, org.springframework.security.web.header.HeaderWriterFilter@7b211077, org.springframework.web.filter.CorsFilter@379f9555, org.springframework.security.web.authentication.logout.LogoutFilter@7185e611, com.glume.glumemall.admin.security.filter.CaptchaFilter@7e3ee128, org.springframework.security.web.authentication.UsernamePasswordAuthenticationFilter@4f8659d0, com.glume.glumemall.admin.security.filter.JwtAuthenticationFilter@7d64a960, org.springframework.security.web.savedrequest.RequestCacheAwareFilter@8ac12e6, org.springframework.security.web.servletapi.SecurityContextHolderAwareRequestFilter@4a6a6a69, org.springframework.security.web.authentication.AnonymousAuthenticationFilter@166ce247, org.springframework.security.web.session.SessionManagementFilter@62b0bf85, org.springframework.security.web.access.ExceptionTranslationFilter@590013c7, org.springframework.security.web.access.intercept.FilterSecurityInterceptor@192b472d]
2021-11-09 13:20:12.694  WARN 14056 --- [main] c.n.c.sources.URLConfigurationSource     : No URLs will be polled as dynamic configuration sources.
2021-11-09 13:20:12.695  INFO 14056 --- [main] c.n.c.sources.URLConfigurationSource     : To enable URLs as dynamic configuration sources, define System property archaius.configurationSource.additionalUrls or make config.properties available on classpath.
2021-11-09 13:20:12.704  WARN 14056 --- [main] c.n.c.sources.URLConfigurationSource     : No URLs will be polled as dynamic configuration sources.
2021-11-09 13:20:12.704  INFO 14056 --- [main] c.n.c.sources.URLConfigurationSource     : To enable URLs as dynamic configuration sources, define System property archaius.configurationSource.additionalUrls or make config.properties available on classpath.
2021-11-09 13:20:12.816  INFO 14056 --- [main] o.s.s.concurrent.ThreadPoolTaskExecutor  : Initializing ExecutorService 'applicationTaskExecutor'
2021-11-09 13:20:14.407  INFO 14056 --- [main] o.s.cloud.commons.util.InetUtils         : Cannot determine local hostname
2021-11-09 13:20:14.417  INFO 14056 --- [main] com.alibaba.nacos.client.naming          : initializer namespace from System Property :null
2021-11-09 13:20:14.418  INFO 14056 --- [main] com.alibaba.nacos.client.naming          : initializer namespace from System Environment :null
2021-11-09 13:20:14.418  INFO 14056 --- [main] com.alibaba.nacos.client.naming          : initializer namespace from System Property :null
2021-11-09 13:20:14.451  INFO 14056 --- [main] o.s.s.c.ThreadPoolTaskScheduler          : Initializing ExecutorService
2021-11-09 13:20:16.113  INFO 14056 --- [main] o.s.cloud.commons.util.InetUtils         : Cannot determine local hostname
2021-11-09 13:20:17.486  INFO 14056 --- [main] o.s.cloud.commons.util.InetUtils         : Cannot determine local hostname
2021-11-09 13:20:17.570  INFO 14056 --- [main] d.s.w.p.DocumentationPluginsBootstrapper : Context refreshed
2021-11-09 13:20:17.599  INFO 14056 --- [main] d.s.w.p.DocumentationPluginsBootstrapper : Found 1 custom documentation plugin(s)
2021-11-09 13:20:17.631  INFO 14056 --- [main] s.d.s.w.s.ApiListingReferenceScanner     : Scanning for api listing references
2021-11-09 13:20:17.804  INFO 14056 --- [main] .d.s.w.r.o.CachingOperationNameGenerator : Generating unique operation named: deleteUsingDELETE_1
2021-11-09 13:20:17.809  INFO 14056 --- [main] .d.s.w.r.o.CachingOperationNameGenerator : Generating unique operation named: infoUsingGET_1
2021-11-09 13:20:17.828  INFO 14056 --- [main] .d.s.w.r.o.CachingOperationNameGenerator : Generating unique operation named: saveUsingPOST_1
2021-11-09 13:20:18.049  INFO 14056 --- [main] c.g.g.admin.service.RoleMenuServiceImpl  : Started RoleMenuServiceImpl in 15.83 seconds (JVM running for 17.853)
2021-11-09 13:20:18.053  INFO 14056 --- [main] c.a.n.client.config.impl.ClientWorker    : [fixed-localhost_8848-510cd728-988e-4e39-9142-9ee7f8f7b383] [subscribe] glume-admin.properties+dev+510cd728-988e-4e39-9142-9ee7f8f7b383
2021-11-09 13:20:18.054  INFO 14056 --- [main] c.a.nacos.client.config.impl.CacheData   : [fixed-localhost_8848-510cd728-988e-4e39-9142-9ee7f8f7b383] [add-listener] ok, tenant=510cd728-988e-4e39-9142-9ee7f8f7b383, dataId=glume-admin.properties, group=dev, cnt=1
2021-11-09 13:20:18.406  INFO 14056 --- [SpringContextShutdownHook] o.s.s.concurrent.ThreadPoolTaskExecutor  : Shutting down ExecutorService 'applicationTaskExecutor'
2021-11-09 13:23:33.163  INFO 13100 --- [main] b.c.PropertySourceBootstrapConfiguration : Located property source: [BootstrapPropertySource {name='bootstrapProperties-glume-admin.properties'}]
2021-11-09 13:23:33.216  INFO 13100 --- [main] c.g.g.admin.service.RoleMenuServiceImpl  : No active profile set, falling back to default profiles: default
2021-11-09 13:23:34.035  INFO 13100 --- [main] .s.d.r.c.RepositoryConfigurationDelegate : Multiple Spring Data modules found, entering strict repository configuration mode!
2021-11-09 13:23:34.038  INFO 13100 --- [main] .s.d.r.c.RepositoryConfigurationDelegate : Bootstrapping Spring Data Redis repositories in DEFAULT mode.
2021-11-09 13:23:34.070  INFO 13100 --- [main] .s.d.r.c.RepositoryConfigurationDelegate : Finished Spring Data repository scanning in 19ms. Found 0 Redis repository interfaces.
2021-11-09 13:23:34.324  INFO 13100 --- [main] o.s.cloud.context.scope.GenericScope     : BeanFactory id=1319b71f-73c5-349e-8442-02f841e5f2b3
2021-11-09 13:23:34.485  INFO 13100 --- [main] com.glume.common.core.utils.SpringUtils  : 自定义ApplicationContextAware查看已注册的beanDef，共计：445
2021-11-09 13:23:34.488  INFO 13100 --- [main] com.glume.common.core.utils.SpringUtils  : 自定义BeanFactoryPostProcessor查看已注册的beanDef，共计：445
2021-11-09 13:23:34.575  INFO 13100 --- [main] trationDelegate$BeanPostProcessorChecker : Bean 'org.springframework.security.config.annotation.configuration.ObjectPostProcessorConfiguration' of type [org.springframework.security.config.annotation.configuration.ObjectPostProcessorConfiguration] is not eligible for getting processed by all BeanPostProcessors (for example: not eligible for auto-proxying)
2021-11-09 13:23:34.581  INFO 13100 --- [main] trationDelegate$BeanPostProcessorChecker : Bean 'org.springframework.transaction.annotation.ProxyTransactionManagementConfiguration' of type [org.springframework.transaction.annotation.ProxyTransactionManagementConfiguration] is not eligible for getting processed by all BeanPostProcessors (for example: not eligible for auto-proxying)
2021-11-09 13:23:34.718  INFO 13100 --- [main] trationDelegate$BeanPostProcessorChecker : Bean 'objectPostProcessor' of type [org.springframework.security.config.annotation.configuration.AutowireBeanFactoryObjectPostProcessor] is not eligible for getting processed by all BeanPostProcessors (for example: not eligible for auto-proxying)
2021-11-09 13:23:34.720  INFO 13100 --- [main] trationDelegate$BeanPostProcessorChecker : Bean 'org.springframework.security.access.expression.method.DefaultMethodSecurityExpressionHandler@bf75b5c' of type [org.springframework.security.access.expression.method.DefaultMethodSecurityExpressionHandler] is not eligible for getting processed by all BeanPostProcessors (for example: not eligible for auto-proxying)
2021-11-09 13:23:34.729  INFO 13100 --- [main] trationDelegate$BeanPostProcessorChecker : Bean 'org.springframework.security.config.annotation.method.configuration.GlobalMethodSecurityConfiguration' of type [org.springframework.security.config.annotation.method.configuration.GlobalMethodSecurityConfiguration] is not eligible for getting processed by all BeanPostProcessors (for example: not eligible for auto-proxying)
2021-11-09 13:23:34.737  INFO 13100 --- [main] trationDelegate$BeanPostProcessorChecker : Bean 'methodSecurityMetadataSource' of type [org.springframework.security.access.method.DelegatingMethodSecurityMetadataSource] is not eligible for getting processed by all BeanPostProcessors (for example: not eligible for auto-proxying)
2021-11-09 13:23:37.532  INFO 13100 --- [main] pertySourcedRequestMappingHandlerMapping : Mapped URL path [/v2/api-docs] onto method [springfox.documentation.swagger2.web.Swagger2Controller#getDocumentation(String, HttpServletRequest)]
2021-11-09 13:23:37.781  INFO 13100 --- [main] o.s.s.web.DefaultSecurityFilterChain     : Creating filter chain: any request, [org.springframework.security.web.context.request.async.WebAsyncManagerIntegrationFilter@84f51d9, org.springframework.security.web.context.SecurityContextPersistenceFilter@68e47e7, org.springframework.security.web.header.HeaderWriterFilter@5d7f1e59, org.springframework.web.filter.CorsFilter@45b96e4c, org.springframework.security.web.authentication.logout.LogoutFilter@3b8507df, com.glume.glumemall.admin.security.filter.CaptchaFilter@8383a14, org.springframework.security.web.authentication.UsernamePasswordAuthenticationFilter@333d44f6, com.glume.glumemall.admin.security.filter.JwtAuthenticationFilter@4b691611, org.springframework.security.web.savedrequest.RequestCacheAwareFilter@16ac4d3d, org.springframework.security.web.servletapi.SecurityContextHolderAwareRequestFilter@1f172892, org.springframework.security.web.authentication.AnonymousAuthenticationFilter@395a573c, org.springframework.security.web.session.SessionManagementFilter@3a861417, org.springframework.security.web.access.ExceptionTranslationFilter@223967ea, org.springframework.security.web.access.intercept.FilterSecurityInterceptor@7bfa1eb5]
2021-11-09 13:23:37.971  WARN 13100 --- [main] c.n.c.sources.URLConfigurationSource     : No URLs will be polled as dynamic configuration sources.
2021-11-09 13:23:37.971  INFO 13100 --- [main] c.n.c.sources.URLConfigurationSource     : To enable URLs as dynamic configuration sources, define System property archaius.configurationSource.additionalUrls or make config.properties available on classpath.
2021-11-09 13:23:37.977  WARN 13100 --- [main] c.n.c.sources.URLConfigurationSource     : No URLs will be polled as dynamic configuration sources.
2021-11-09 13:23:37.977  INFO 13100 --- [main] c.n.c.sources.URLConfigurationSource     : To enable URLs as dynamic configuration sources, define System property archaius.configurationSource.additionalUrls or make config.properties available on classpath.
2021-11-09 13:23:38.107  INFO 13100 --- [main] o.s.s.concurrent.ThreadPoolTaskExecutor  : Initializing ExecutorService 'applicationTaskExecutor'
2021-11-09 13:23:39.741  INFO 13100 --- [main] o.s.cloud.commons.util.InetUtils         : Cannot determine local hostname
2021-11-09 13:23:39.747  INFO 13100 --- [main] com.alibaba.nacos.client.naming          : initializer namespace from System Property :null
2021-11-09 13:23:39.748  INFO 13100 --- [main] com.alibaba.nacos.client.naming          : initializer namespace from System Environment :null
2021-11-09 13:23:39.750  INFO 13100 --- [main] com.alibaba.nacos.client.naming          : initializer namespace from System Property :null
2021-11-09 13:23:39.797  INFO 13100 --- [main] o.s.s.c.ThreadPoolTaskScheduler          : Initializing ExecutorService
2021-11-09 13:23:41.470  INFO 13100 --- [main] o.s.cloud.commons.util.InetUtils         : Cannot determine local hostname
2021-11-09 13:23:42.825  INFO 13100 --- [main] o.s.cloud.commons.util.InetUtils         : Cannot determine local hostname
2021-11-09 13:23:42.904  INFO 13100 --- [main] d.s.w.p.DocumentationPluginsBootstrapper : Context refreshed
2021-11-09 13:23:42.923  INFO 13100 --- [main] d.s.w.p.DocumentationPluginsBootstrapper : Found 1 custom documentation plugin(s)
2021-11-09 13:23:42.955  INFO 13100 --- [main] s.d.s.w.s.ApiListingReferenceScanner     : Scanning for api listing references
2021-11-09 13:23:43.144  INFO 13100 --- [main] .d.s.w.r.o.CachingOperationNameGenerator : Generating unique operation named: deleteUsingDELETE_1
2021-11-09 13:23:43.149  INFO 13100 --- [main] .d.s.w.r.o.CachingOperationNameGenerator : Generating unique operation named: infoUsingGET_1
2021-11-09 13:23:43.164  INFO 13100 --- [main] .d.s.w.r.o.CachingOperationNameGenerator : Generating unique operation named: saveUsingPOST_1
2021-11-09 13:23:43.399  INFO 13100 --- [main] c.g.g.admin.service.RoleMenuServiceImpl  : Started RoleMenuServiceImpl in 15.057 seconds (JVM running for 16.407)
2021-11-09 13:23:43.404  INFO 13100 --- [main] c.a.n.client.config.impl.ClientWorker    : [fixed-localhost_8848-510cd728-988e-4e39-9142-9ee7f8f7b383] [subscribe] glume-admin.properties+dev+510cd728-988e-4e39-9142-9ee7f8f7b383
2021-11-09 13:23:43.405  INFO 13100 --- [main] c.a.nacos.client.config.impl.CacheData   : [fixed-localhost_8848-510cd728-988e-4e39-9142-9ee7f8f7b383] [add-listener] ok, tenant=510cd728-988e-4e39-9142-9ee7f8f7b383, dataId=glume-admin.properties, group=dev, cnt=1
2021-11-09 13:23:43.675  INFO 13100 --- [SpringContextShutdownHook] o.s.s.concurrent.ThreadPoolTaskExecutor  : Shutting down ExecutorService 'applicationTaskExecutor'
2021-11-09 13:24:22.331  INFO 4500 --- [main] b.c.PropertySourceBootstrapConfiguration : Located property source: [BootstrapPropertySource {name='bootstrapProperties-glume-admin.properties'}]
2021-11-09 13:24:22.373  INFO 4500 --- [main] c.g.g.admin.service.RoleMenuServiceImpl  : No active profile set, falling back to default profiles: default
2021-11-09 13:24:23.202  INFO 4500 --- [main] .s.d.r.c.RepositoryConfigurationDelegate : Multiple Spring Data modules found, entering strict repository configuration mode!
2021-11-09 13:24:23.205  INFO 4500 --- [main] .s.d.r.c.RepositoryConfigurationDelegate : Bootstrapping Spring Data Redis repositories in DEFAULT mode.
2021-11-09 13:24:23.233  INFO 4500 --- [main] .s.d.r.c.RepositoryConfigurationDelegate : Finished Spring Data repository scanning in 15ms. Found 0 Redis repository interfaces.
2021-11-09 13:24:23.454  INFO 4500 --- [main] o.s.cloud.context.scope.GenericScope     : BeanFactory id=1319b71f-73c5-349e-8442-02f841e5f2b3
2021-11-09 13:24:23.599  INFO 4500 --- [main] com.glume.common.core.utils.SpringUtils  : 自定义ApplicationContextAware查看已注册的beanDef，共计：445
2021-11-09 13:24:23.602  INFO 4500 --- [main] com.glume.common.core.utils.SpringUtils  : 自定义BeanFactoryPostProcessor查看已注册的beanDef，共计：445
2021-11-09 13:24:23.708  INFO 4500 --- [main] trationDelegate$BeanPostProcessorChecker : Bean 'org.springframework.security.config.annotation.configuration.ObjectPostProcessorConfiguration' of type [org.springframework.security.config.annotation.configuration.ObjectPostProcessorConfiguration] is not eligible for getting processed by all BeanPostProcessors (for example: not eligible for auto-proxying)
2021-11-09 13:24:23.715  INFO 4500 --- [main] trationDelegate$BeanPostProcessorChecker : Bean 'org.springframework.transaction.annotation.ProxyTransactionManagementConfiguration' of type [org.springframework.transaction.annotation.ProxyTransactionManagementConfiguration] is not eligible for getting processed by all BeanPostProcessors (for example: not eligible for auto-proxying)
2021-11-09 13:24:23.856  INFO 4500 --- [main] trationDelegate$BeanPostProcessorChecker : Bean 'objectPostProcessor' of type [org.springframework.security.config.annotation.configuration.AutowireBeanFactoryObjectPostProcessor] is not eligible for getting processed by all BeanPostProcessors (for example: not eligible for auto-proxying)
2021-11-09 13:24:23.858  INFO 4500 --- [main] trationDelegate$BeanPostProcessorChecker : Bean 'org.springframework.security.access.expression.method.DefaultMethodSecurityExpressionHandler@51f18e31' of type [org.springframework.security.access.expression.method.DefaultMethodSecurityExpressionHandler] is not eligible for getting processed by all BeanPostProcessors (for example: not eligible for auto-proxying)
2021-11-09 13:24:23.867  INFO 4500 --- [main] trationDelegate$BeanPostProcessorChecker : Bean 'org.springframework.security.config.annotation.method.configuration.GlobalMethodSecurityConfiguration' of type [org.springframework.security.config.annotation.method.configuration.GlobalMethodSecurityConfiguration] is not eligible for getting processed by all BeanPostProcessors (for example: not eligible for auto-proxying)
2021-11-09 13:24:23.874  INFO 4500 --- [main] trationDelegate$BeanPostProcessorChecker : Bean 'methodSecurityMetadataSource' of type [org.springframework.security.access.method.DelegatingMethodSecurityMetadataSource] is not eligible for getting processed by all BeanPostProcessors (for example: not eligible for auto-proxying)
2021-11-09 13:24:26.482  INFO 4500 --- [main] pertySourcedRequestMappingHandlerMapping : Mapped URL path [/v2/api-docs] onto method [springfox.documentation.swagger2.web.Swagger2Controller#getDocumentation(String, HttpServletRequest)]
2021-11-09 13:24:26.709  INFO 4500 --- [main] o.s.s.web.DefaultSecurityFilterChain     : Creating filter chain: any request, [org.springframework.security.web.context.request.async.WebAsyncManagerIntegrationFilter@320ff86f, org.springframework.security.web.context.SecurityContextPersistenceFilter@6c9bf3b5, org.springframework.security.web.header.HeaderWriterFilter@7b211077, org.springframework.web.filter.CorsFilter@192b472d, org.springframework.security.web.authentication.logout.LogoutFilter@3a588b5f, com.glume.glumemall.admin.security.filter.CaptchaFilter@84f51d9, org.springframework.security.web.authentication.UsernamePasswordAuthenticationFilter@6d8b7ea9, com.glume.glumemall.admin.security.filter.JwtAuthenticationFilter@45b96e4c, org.springframework.security.web.savedrequest.RequestCacheAwareFilter@8ac12e6, org.springframework.security.web.servletapi.SecurityContextHolderAwareRequestFilter@4a6a6a69, org.springframework.security.web.authentication.AnonymousAuthenticationFilter@8383a14, org.springframework.security.web.session.SessionManagementFilter@62b0bf85, org.springframework.security.web.access.ExceptionTranslationFilter@590013c7, org.springframework.security.web.access.intercept.FilterSecurityInterceptor@22686ddb]
2021-11-09 13:24:26.919  WARN 4500 --- [main] c.n.c.sources.URLConfigurationSource     : No URLs will be polled as dynamic configuration sources.
2021-11-09 13:24:26.920  INFO 4500 --- [main] c.n.c.sources.URLConfigurationSource     : To enable URLs as dynamic configuration sources, define System property archaius.configurationSource.additionalUrls or make config.properties available on classpath.
2021-11-09 13:24:26.926  WARN 4500 --- [main] c.n.c.sources.URLConfigurationSource     : No URLs will be polled as dynamic configuration sources.
2021-11-09 13:24:26.926  INFO 4500 --- [main] c.n.c.sources.URLConfigurationSource     : To enable URLs as dynamic configuration sources, define System property archaius.configurationSource.additionalUrls or make config.properties available on classpath.
2021-11-09 13:24:27.025  INFO 4500 --- [main] o.s.s.concurrent.ThreadPoolTaskExecutor  : Initializing ExecutorService 'applicationTaskExecutor'
2021-11-09 13:24:28.619  INFO 4500 --- [main] o.s.cloud.commons.util.InetUtils         : Cannot determine local hostname
2021-11-09 13:24:28.625  INFO 4500 --- [main] com.alibaba.nacos.client.naming          : initializer namespace from System Property :null
2021-11-09 13:24:28.625  INFO 4500 --- [main] com.alibaba.nacos.client.naming          : initializer namespace from System Environment :null
2021-11-09 13:24:28.626  INFO 4500 --- [main] com.alibaba.nacos.client.naming          : initializer namespace from System Property :null
2021-11-09 13:24:28.657  INFO 4500 --- [main] o.s.s.c.ThreadPoolTaskScheduler          : Initializing ExecutorService
2021-11-09 13:24:30.376  INFO 4500 --- [main] o.s.cloud.commons.util.InetUtils         : Cannot determine local hostname
2021-11-09 13:24:31.729  INFO 4500 --- [main] o.s.cloud.commons.util.InetUtils         : Cannot determine local hostname
2021-11-09 13:24:31.806  INFO 4500 --- [main] d.s.w.p.DocumentationPluginsBootstrapper : Context refreshed
2021-11-09 13:24:31.827  INFO 4500 --- [main] d.s.w.p.DocumentationPluginsBootstrapper : Found 1 custom documentation plugin(s)
2021-11-09 13:24:31.864  INFO 4500 --- [main] s.d.s.w.s.ApiListingReferenceScanner     : Scanning for api listing references
2021-11-09 13:24:32.031  INFO 4500 --- [main] .d.s.w.r.o.CachingOperationNameGenerator : Generating unique operation named: deleteUsingDELETE_1
2021-11-09 13:24:32.036  INFO 4500 --- [main] .d.s.w.r.o.CachingOperationNameGenerator : Generating unique operation named: infoUsingGET_1
2021-11-09 13:24:32.049  INFO 4500 --- [main] .d.s.w.r.o.CachingOperationNameGenerator : Generating unique operation named: saveUsingPOST_1
2021-11-09 13:24:32.106  INFO 4500 --- [main] c.g.g.admin.service.RoleMenuServiceImpl  : Started RoleMenuServiceImpl in 14.431 seconds (JVM running for 16.029)
2021-11-09 13:24:32.109  INFO 4500 --- [main] c.a.n.client.config.impl.ClientWorker    : [fixed-localhost_8848-510cd728-988e-4e39-9142-9ee7f8f7b383] [subscribe] glume-admin.properties+dev+510cd728-988e-4e39-9142-9ee7f8f7b383
2021-11-09 13:24:32.110  INFO 4500 --- [main] c.a.nacos.client.config.impl.CacheData   : [fixed-localhost_8848-510cd728-988e-4e39-9142-9ee7f8f7b383] [add-listener] ok, tenant=510cd728-988e-4e39-9142-9ee7f8f7b383, dataId=glume-admin.properties, group=dev, cnt=1
2021-11-09 13:24:32.541  INFO 4500 --- [SpringContextShutdownHook] o.s.s.concurrent.ThreadPoolTaskExecutor  : Shutting down ExecutorService 'applicationTaskExecutor'
